<?xml version="1.0" encoding="UTF-8"?>
<!-- Generated by org.testng.reporters.JUnitReportReporter -->
<testsuite skipped="0" hostname="DESKTOP-06OUV9F" name="com.orangehrm.modules.Launch" tests="1" failures="0" timestamp="08 Oct 2021 04:03:49 GMT" time="8.732" errors="0">
  <testcase name="executeLaunch" time="8.732" classname="com.orangehrm.modules.Launch"/>
</testsuite> <!-- com.orangehrm.modules.Launch -->
