<?xml version="1.0" encoding="UTF-8"?>
<!-- Generated by org.testng.reporters.JUnitReportReporter -->
<testsuite skipped="0" hostname="DESKTOP-06OUV9F" name="com.orangehrm.modules.Launch" tests="1" failures="0" timestamp="27 Oct 2021 03:28:44 GMT" time="12.594" errors="0">
  <testcase name="executeLaunch" time="12.594" classname="com.orangehrm.modules.Launch"/>
</testsuite> <!-- com.orangehrm.modules.Launch -->
